Loading R/R-4.4.3
  Loading requirement: mpi/openmpi-5.0.3
Starting GP cross-validation...
Using 40 cores
Using 40 cores
Loading transformed data...
Preparing data...
Data dimensions:
  - X_mean: 7059 observations × 5 predictors
  - X_time: 7059 observations × 1 (time only)
  - Response: 7059 observations
Covariate names: Intercept, Time, PM10, SO2, Speed
Data preparation complete

Compiling Stan models...
Models compiled successfully

=== Running GP with SE Kernel ===

=== Running GP with Periodic Kernel ===

=== Running GP with SE × Periodic Product Kernel ===

======================================================================
RESULTS SUMMARY
======================================================================

GP with SE Kernel - Integrated Errors:
  RMSE    MAE  SMAPE 
 0.448  0.371 99.210 

GP with Periodic Kernel - Integrated Errors:
  RMSE    MAE  SMAPE 
 0.407  0.330 91.488 

GP with SE × Periodic Product Kernel - Integrated Errors:
  RMSE    MAE  SMAPE 
 0.446  0.370 98.962 

----------------------------------------------------------------------
CONVERGENCE DIAGNOSTICS
----------------------------------------------------------------------

SE Kernel:
   fold max_rhat divergences max_treedepth
1     1 1.001479           0             0
2     2 1.002560           0             0
3     3 1.000342           0             0
4     4 1.000572           0             0
5     5 1.001620           0             0
6     6 1.001972           0             0
7     7 1.003336           0             0
8     8 1.001844           0             0
9     9 1.002255           0             0
10   10 1.003083           0             0

Periodic Kernel:
   fold max_rhat divergences max_treedepth
1     1 1.002917           0             0
2     2 1.004502           0             0
3     3 1.003133           0             0
4     4 1.004031           0             0
5     5 1.002953           0             0
6     6 1.002045           1             0
7     7 1.001650           0             0
8     8 1.004150           0             0
9     9 1.002410           0             0
10   10 1.001674           0             0

SE × Periodic Product Kernel:
   fold  max_rhat divergences max_treedepth
1     1 1.0119472           0             0
2     2 1.0003011           0             0
3     3 1.0026271           0             0
4     4 1.0018412           0             0
5     5 1.0012240           0             0
6     6 0.9998107           0             0
7     7 1.0012619           0             0
8     8 1.0016172           0             0
9     9 1.0064870           0             0
10   10 0.9995307           0             0

WARNING: Product kernel model has Rhat > 1.01 in some folds!

Saving results...
Saved: output/results/GP_MLR_SE_IR.RData
Saved: output/results/GP_MLR_PER_IR.RData
Saved: output/results/GP_MLR_SExPER_IR.RData

======================================================================
ALL RESULTS SAVED SUCCESSFULLY
======================================================================

Results saved to: output/results
GP cross-validation complete!
Thu Oct 30 01:22:06 AM SAST 2025
