Loading R/R-4.4.3
  Loading requirement: mpi/openmpi-5.0.3
Starting plotting gp predictions...
Using 28 cores
Loading transformed data...
Loading GP model results...

Checking available columns in draws...
  y1_fitted (fitted values): FOUND
  y1 (fitted values): NOT FOUND
  y2 (forecasts): FOUND
  f1 (latent fitted): NOT FOUND
  f2 (latent forecast): NOT FOUND

Using 'y1_fitted' for fitted values
Using 'y2' for forecasts
Preparing forecast plotting data...
Preparing fitted values plotting data...

Creating forecast plot...
Saving forecast plot...

======================================================================
FORECAST PLOT SAVED SUCCESSFULLY
======================================================================

PDF: output/figures/gp_forecasts_all_folds.pdf

Creating fitted values plot...
Saving fitted values plot...

======================================================================
FITTED VALUES PLOT SAVED SUCCESSFULLY
======================================================================

PDF: output/figures/gp_fitted_values_all_folds.pdf

======================================================================
FORECAST SUMMARY STATISTICS
======================================================================

95% Prediction Interval Coverage (%):
# A tibble: 3 × 3
  model_label             mean_coverage sd_coverage
  <fct>                           <dbl>       <dbl>
1 GP SE Kernel                     87.9        18.5
2 GP Periodic Kernel               88.3        11.1
3 GP SE × Periodic Kernel          87.9        17.2

Average Prediction Interval Width:
# A tibble: 3 × 3
  model_label             mean_width sd_width
  <fct>                        <dbl>    <dbl>
1 GP SE Kernel                  1.51   0.132 
2 GP Periodic Kernel            1.30   0.0584
3 GP SE × Periodic Kernel       1.50   0.130 

======================================================================
FITTED VALUES SUMMARY STATISTICS
======================================================================

95% Prediction Interval Coverage (%):
# A tibble: 3 × 3
  model_label             mean_coverage sd_coverage
  <fct>                           <dbl>       <dbl>
1 GP SE Kernel                     96.1       0.624
2 GP Periodic Kernel              100         0    
3 GP SE × Periodic Kernel          96.0       0.583

Average Prediction Interval Width:
# A tibble: 3 × 3
  model_label             mean_width sd_width
  <fct>                        <dbl>    <dbl>
1 GP SE Kernel                  1.52    0.145
2 GP Periodic Kernel            8.00    0.738
3 GP SE × Periodic Kernel       1.51    0.143

======================================================================
Plotting GP predictions complete!
Thu Oct 30 01:26:59 AM SAST 2025
