Loading R/R-4.4.3
  Loading requirement: mpi/openmpi-5.0.3
Starting plotting gp predictions...
Using 28 cores
Loading transformed data...
Loading GP model results...

Extracting latent function credible intervals for fitted values...
Fold 1:
  Processing fold 1 (SE kernel)...
  Processing fold 1 (PER kernel)...
  Processing fold 1 (SExPER kernel)...
Fold 2:
  Processing fold 2 (SE kernel)...
  Processing fold 2 (PER kernel)...
  Processing fold 2 (SExPER kernel)...
Fold 3:
  Processing fold 3 (SE kernel)...
  Processing fold 3 (PER kernel)...
  Processing fold 3 (SExPER kernel)...
Fold 4:
  Processing fold 4 (SE kernel)...
  Processing fold 4 (PER kernel)...
  Processing fold 4 (SExPER kernel)...
Fold 5:
  Processing fold 5 (SE kernel)...
  Processing fold 5 (PER kernel)...
  Processing fold 5 (SExPER kernel)...
Fold 6:
  Processing fold 6 (SE kernel)...
  Processing fold 6 (PER kernel)...
  Processing fold 6 (SExPER kernel)...
Fold 7:
  Processing fold 7 (SE kernel)...
  Processing fold 7 (PER kernel)...
  Processing fold 7 (SExPER kernel)...
Fold 8:
  Processing fold 8 (SE kernel)...
  Processing fold 8 (PER kernel)...
  Processing fold 8 (SExPER kernel)...
Fold 9:
  Processing fold 9 (SE kernel)...
  Processing fold 9 (PER kernel)...
  Processing fold 9 (SExPER kernel)...
Fold 10:
  Processing fold 10 (SE kernel)...
  Processing fold 10 (PER kernel)...
  Processing fold 10 (SExPER kernel)...

Preparing forecast plotting data with prediction intervals...

Creating fitted values plot with 95% credible intervals...
Saving fitted values plot...

======================================================================
FITTED VALUES PLOT SAVED SUCCESSFULLY
======================================================================

PDF: output/figures/gp_fitted_values_all_folds.pdf

Creating forecast plot with 95% prediction intervals...
Saving forecast plot...

======================================================================
FORECAST PLOT SAVED SUCCESSFULLY
======================================================================

PDF: output/figures/gp_forecasts_all_folds.pdf

======================================================================
FITTED VALUES SUMMARY STATISTICS (Credible Intervals)
======================================================================

95% Credible Interval Coverage (%):
# A tibble: 3 × 3
  model_label             mean_coverage sd_coverage
  <fct>                           <dbl>       <dbl>
1 GP SE Kernel                     14.1        1.66
2 GP Periodic Kernel               15.1        2.31
3 GP SE × Periodic Kernel          14.2        1.61

Average Credible Interval Width:
# A tibble: 3 × 3
  model_label             mean_width sd_width
  <fct>                        <dbl>    <dbl>
1 GP SE Kernel                 0.145  0.0131 
2 GP Periodic Kernel           0.122  0.00663
3 GP SE × Periodic Kernel      0.143  0.0126 

======================================================================
FORECAST SUMMARY STATISTICS (Prediction Intervals)
======================================================================

95% Prediction Interval Coverage (%):
# A tibble: 3 × 3
  model_label             mean_coverage sd_coverage
  <fct>                           <dbl>       <dbl>
1 GP SE Kernel                     87.9        18.5
2 GP Periodic Kernel               88.3        11.1
3 GP SE × Periodic Kernel          87.9        17.2

Average Prediction Interval Width:
# A tibble: 3 × 3
  model_label             mean_width sd_width
  <fct>                        <dbl>    <dbl>
1 GP SE Kernel                  1.51   0.132 
2 GP Periodic Kernel            1.30   0.0584
3 GP SE × Periodic Kernel       1.50   0.130 

======================================================================
ALL PLOTS AND STATISTICS COMPLETE
======================================================================
Plotting GP predictions complete!
Thu Oct 30 02:22:53 AM SAST 2025
